Log file open, 12/26/18 11:59:42
LogWindows: Failed to load 'aqProf.dll' (GetLastError=126)
LogWindows: File 'aqProf.dll' does not exist
LogWindows: Failed to load 'VtuneApi.dll' (GetLastError=126)
LogWindows: File 'VtuneApi.dll' does not exist
LogWindows: Failed to load 'VtuneApi32e.dll' (GetLastError=126)
LogWindows: File 'VtuneApi32e.dll' does not exist
LogConsoleResponse: Display: Failed to find resolution value strings in scalability ini. Falling back to default.
LogInit: Display: Running engine for game: Ground1
LogInit: Display: Project file not found: ../../../Ground1/Ground1.uproject
LogInit: Display: 	Attempting to find via project info helper.
LogUProjectInfo: Found projects:
LogPakFile: Registered encryption key '00000000000000000000000000000000': 0 pak files mounted, 0 remain pending
LogPakFile: Display: Found Pak file ../../../Ground1/Content/Paks/Ground1-WindowsNoEditor.pak attempting to mount.
LogPakFile: Display: Mounting pak file ../../../Ground1/Content/Paks/Ground1-WindowsNoEditor.pak.
LogPlatformFile: Not using cached read wrapper
LogTaskGraph: Started task graph with 5 named threads and 23 total threads with 3 sets of task threads.
LogStats: Stats thread started at 0.436710
LogICUInternationalization: ICU TimeZone Detection - Raw Offset: +3:00, Platform Override: ''
LogPluginManager: Mounting plugin Paper2D
LogPluginManager: Mounting plugin AISupport
LogPluginManager: Mounting plugin LightPropagationVolume
LogPluginManager: Mounting plugin AssetManagerEditor
LogPluginManager: Mounting plugin CryptoKeys
LogPluginManager: Mounting plugin FacialAnimation
LogPluginManager: Mounting plugin MeshEditor
LogPluginManager: Mounting plugin EditableMesh
LogPluginManager: Mounting plugin DatasmithContent
LogPluginManager: Mounting plugin VariantManagerContent
LogPluginManager: Mounting plugin AlembicImporter
LogPluginManager: Mounting plugin GeometryCache
LogPluginManager: Mounting plugin AppleImageUtils
LogPluginManager: Mounting plugin AppleVision
LogPluginManager: Mounting plugin BackChannel
LogPluginManager: Mounting plugin CharacterAI
LogPluginManager: Mounting plugin HTML5Networking
LogPluginManager: Mounting plugin AvfMedia
LogPluginManager: Mounting plugin ImgMedia
LogPluginManager: Mounting plugin LinearTimecode
LogPluginManager: Mounting plugin MediaCompositing
LogPluginManager: Mounting plugin WmfMedia
LogPluginManager: Mounting plugin TcpMessaging
LogPluginManager: Mounting plugin UdpMessaging
LogPluginManager: Mounting plugin ActorSequence
LogPluginManager: Mounting plugin NetcodeUnitTest
LogPluginManager: Mounting plugin NUTUnrealEngine4
LogPluginManager: Mounting plugin OnlineSubsystem
LogPluginManager: Mounting plugin OnlineSubsystemNull
LogPluginManager: Mounting plugin OnlineSubsystemUtils
LogPluginManager: Mounting plugin LauncherChunkInstaller
LogPluginManager: Mounting plugin AndroidPermission
LogPluginManager: Mounting plugin ArchVisCharacter
LogPluginManager: Mounting plugin CableComponent
LogPluginManager: Mounting plugin CustomMeshComponent
LogPluginManager: Mounting plugin ExampleDeviceProfileSelector
LogPluginManager: Mounting plugin LocationServicesBPLibrary
LogPluginManager: Mounting plugin MobilePatchingUtils
LogPluginManager: Mounting plugin OculusVR
LogPluginManager: Mounting plugin ProceduralMeshComponent
LogPluginManager: Mounting plugin PhysXVehicles
LogPluginManager: Mounting plugin RuntimePhysXCooking
LogPluginManager: Mounting plugin SteamVR
LogPluginManager: Mounting plugin WindowsMoviePlayer
LogStreaming: Display: Took  0.126s to configure plugins.
LogInit: Using libcurl 7.55.1-DEV
LogInit:  - built for i386-pc-win32
LogInit:  - supports SSL with OpenSSL/1.0.2g
LogInit:  - supports HTTP deflate (compression) using libz 1.2.8
LogInit:  - other features:
LogInit:      CURL_VERSION_SSL
LogInit:      CURL_VERSION_LIBZ
LogInit:      CURL_VERSION_IPV6
LogInit:      CURL_VERSION_ASYNCHDNS
LogInit:      CURL_VERSION_LARGEFILE
LogInit:      CURL_VERSION_IDN
LogInit:  CurlRequestOptions (configurable via config and command line):
LogInit:  - bVerifyPeer = true  - Libcurl will verify peer certificate
LogInit:  - bUseHttpProxy = false  - Libcurl will NOT use HTTP proxy
LogInit:  - bDontReuseConnections = false  - Libcurl will reuse connections
LogInit:  - MaxHostConnections = 16  - Libcurl will limit the number of connections to a host
LogInit:  - LocalHostAddr = Default
LogInit:  - BufferSize = 65536
LogInit: WinSock: version 1.1 (2.2), MaxSocks=32767, MaxUdp=65467
LogInit: Build: ++UE4+Release-4.21-CL-4613538
LogInit: Engine Version: 4.21.1-4613538+++UE4+Release-4.21
LogInit: Compatible Engine Version: 4.21.0-4541578+++UE4+Release-4.21
LogInit: Net CL: 4541578
LogInit: OS: Windows 10 (), CPU: Intel(R) Core(TM) i7-4700HQ CPU @ 2.40GHz, GPU: Intel(R) HD Graphics 4600
LogInit: Compiled (32-bit): Nov 30 2018 04:26:10
LogInit: Compiled with Visual C++: 19.00.24215.01
LogInit: Build Configuration: Development
LogInit: Branch Name: ++UE4+Release-4.21
LogInit: Command Line: 
LogInit: Base Directory: E:/GameDev/Game/AkafistjGame/2metras/WindowsNoEditor/Engine/Binaries/Win32/
LogInit: Installed Engine Build: 0
LogDevObjectVersion: Number of dev versions registered: 22
LogDevObjectVersion:   Dev-Blueprints (B0D832E4-1F89-4F0D-ACCF-7EB736FD4AA2): 10
LogDevObjectVersion:   Dev-Build (E1C64328-A22C-4D53-A36C-8E866417BD8C): 0
LogDevObjectVersion:   Dev-Core (375EC13C-06E4-48FB-B500-84F0262A717E): 2
LogDevObjectVersion:   Dev-Editor (E4B068ED-F494-42E9-A231-DA0B2E46BB41): 26
LogDevObjectVersion:   Dev-Framework (CFFC743F-43B0-4480-9391-14DF171D2073): 34
LogDevObjectVersion:   Dev-Mobile (B02B49B5-BB20-44E9-A304-32B752E40360): 2
LogDevObjectVersion:   Dev-Networking (A4E4105C-59A1-49B5-A7C5-40C4547EDFEE): 0
LogDevObjectVersion:   Dev-Online (39C831C9-5AE6-47DC-9A44-9C173E1C8E7C): 0
LogDevObjectVersion:   Dev-Physics (78F01B33-EBEA-4F98-B9B4-84EACCB95AA2): 0
LogDevObjectVersion:   Dev-Platform (6631380F-2D4D-43E0-8009-CF276956A95A): 0
LogDevObjectVersion:   Dev-Rendering (12F88B9F-8875-4AFC-A67C-D90C383ABD29): 27
LogDevObjectVersion:   Dev-Sequencer (7B5AE74C-D270-4C10-A958-57980B212A5A): 9
LogDevObjectVersion:   Dev-VR (D7296918-1DD6-4BDD-9DE2-64A83CC13884): 2
LogDevObjectVersion:   Dev-LoadTimes (C2A15278-BFE7-4AFE-6C17-90FF531DF755): 1
LogDevObjectVersion:   Private-Geometry (6EACA3D4-40EC-4CC1-B786-8BED09428FC5): 3
LogDevObjectVersion:   Dev-AnimPhys (29E575DD-E0A3-4627-9D10-D276232CDCEA): 17
LogDevObjectVersion:   Dev-Anim (AF43A65D-7FD3-4947-9873-3E8ED9C1BB05): 2
LogDevObjectVersion:   Dev-ReflectionCapture (6B266CEC-1EC7-4B8F-A30B-E4D90942FC07): 1
LogDevObjectVersion:   Dev-Automation (0DF73D61-A23F-47EA-B727-89E90C41499A): 1
LogDevObjectVersion:   FortniteMain (601D1886-AC64-4F84-AA16-D3DE0DEAC7D6): 17
LogDevObjectVersion:   Dev-Enterprise (9DFFBCD6-494F-0158-E221-12823C92A888): 4
LogDevObjectVersion:   Dev-Niagara (F2AED0AC-9AFE-416F-8664-AA7FFA26D6FC): 1
LogStreaming: Display: Took  0.002s to delete old logs.
LogInit: Presizing for max 2097152 objects, including 1 objects not considered by GC, pre-allocating 0 bytes for permanent pool.
LogStreaming: Display: Async Loading initialized: Event Driven Loader: true, Async Loading Thread: false, Async Post Load: true
LogInit: Object subsystem initialized
LogConfig: Setting CVar [[con.DebugEarlyDefault:1]]
LogConfig: Setting CVar [[r.setres:1280x720]]
[2018.12.26-08.59.42:830][  0]LogConfig: Setting CVar [[con.DebugEarlyDefault:1]]
[2018.12.26-08.59.42:830][  0]LogConfig: Setting CVar [[r.setres:1280x720]]
[2018.12.26-08.59.42:830][  0]LogConfig: Applying CVar settings from Section [/Script/Engine.RendererSettings] File [../../../Ground1/Saved/Config/WindowsNoEditor/Engine.ini]
[2018.12.26-08.59.42:830][  0]LogConfig: Setting CVar [[r.GPUCrashDebugging:0]]
[2018.12.26-08.59.42:830][  0]LogConfig: Setting CVar [[r.MobileHDR:1]]
[2018.12.26-08.59.42:831][  0]LogConfig: Setting CVar [[r.Mobile.DisableVertexFog:1]]
[2018.12.26-08.59.42:831][  0]LogConfig: Setting CVar [[r.Shadow.CSM.MaxMobileCascades:2]]
[2018.12.26-08.59.42:831][  0]LogConfig: Setting CVar [[r.MobileMSAA:1]]
[2018.12.26-08.59.42:831][  0]LogConfig: Setting CVar [[r.Mobile.UseLegacyShadingModel:0]]
[2018.12.26-08.59.42:831][  0]LogConfig: Setting CVar [[r.Mobile.AllowDitheredLODTransition:0]]
[2018.12.26-08.59.42:831][  0]LogConfig: Setting CVar [[r.Mobile.AllowSoftwareOcclusion:0]]
[2018.12.26-08.59.42:831][  0]LogConfig: Setting CVar [[r.DiscardUnusedQuality:0]]
[2018.12.26-08.59.42:831][  0]LogConfig: Setting CVar [[r.AllowOcclusionQueries:1]]
[2018.12.26-08.59.42:832][  0]LogConfig: Setting CVar [[r.MinScreenRadiusForLights:0.030000]]
[2018.12.26-08.59.42:832][  0]LogConfig: Setting CVar [[r.MinScreenRadiusForDepthPrepass:0.030000]]
[2018.12.26-08.59.42:832][  0]LogConfig: Setting CVar [[r.MinScreenRadiusForCSMDepth:0.010000]]
[2018.12.26-08.59.42:832][  0]LogConfig: Setting CVar [[r.PrecomputedVisibilityWarning:0]]
[2018.12.26-08.59.42:832][  0]LogConfig: Setting CVar [[r.TextureStreaming:1]]
[2018.12.26-08.59.42:832][  0]LogConfig: Setting CVar [[Compat.UseDXT5NormalMaps:0]]
[2018.12.26-08.59.42:833][  0]LogConfig: Setting CVar [[r.ClearCoatNormal:0]]
[2018.12.26-08.59.42:833][  0]LogConfig: Setting CVar [[r.ReflectionCaptureResolution:128]]
[2018.12.26-08.59.42:833][  0]LogConfig: Setting CVar [[r.ReflectionEnvironmentLightmapMixBasedOnRoughness:1]]
[2018.12.26-08.59.42:833][  0]LogConfig: Setting CVar [[r.ForwardShading:0]]
[2018.12.26-08.59.42:833][  0]LogConfig: Setting CVar [[r.VertexFoggingForOpaque:1]]
[2018.12.26-08.59.42:833][  0]LogConfig: Setting CVar [[r.AllowStaticLighting:1]]
[2018.12.26-08.59.42:833][  0]LogConfig: Setting CVar [[r.NormalMapsForStaticLighting:0]]
[2018.12.26-08.59.42:834][  0]LogConfig: Setting CVar [[r.GenerateMeshDistanceFields:0]]
[2018.12.26-08.59.42:834][  0]LogConfig: Setting CVar [[r.DistanceFieldBuild.EightBit:0]]
[2018.12.26-08.59.42:834][  0]LogConfig: Setting CVar [[r.GenerateLandscapeGIData:0]]
[2018.12.26-08.59.42:834][  0]LogConfig: Setting CVar [[r.DistanceFieldBuild.Compress:0]]
[2018.12.26-08.59.42:834][  0]LogConfig: Setting CVar [[r.TessellationAdaptivePixelsPerTriangle:48.000000]]
[2018.12.26-08.59.42:834][  0]LogConfig: Setting CVar [[r.SeparateTranslucency:1]]
[2018.12.26-08.59.42:834][  0]LogConfig: Setting CVar [[r.TranslucentSortPolicy:0]]
[2018.12.26-08.59.42:834][  0]LogConfig: Setting CVar [[r.CustomDepth:1]]
[2018.12.26-08.59.42:835][  0]LogConfig: Setting CVar [[r.CustomDepthTemporalAAJitter:1]]
[2018.12.26-08.59.42:835][  0]LogConfig: Setting CVar [[r.PostProcessing.PropagateAlpha:0]]
[2018.12.26-08.59.42:835][  0]LogConfig: Setting CVar [[r.DOF.Algorithm:1]]
[2018.12.26-08.59.42:835][  0]LogConfig: Setting CVar [[r.DefaultFeature.Bloom:1]]
[2018.12.26-08.59.42:835][  0]LogConfig: Setting CVar [[r.DefaultFeature.AmbientOcclusion:1]]
[2018.12.26-08.59.42:835][  0]LogConfig: Setting CVar [[r.DefaultFeature.AmbientOcclusionStaticFraction:1]]
[2018.12.26-08.59.42:835][  0]LogConfig: Setting CVar [[r.DefaultFeature.AutoExposure:0]]
[2018.12.26-08.59.42:836][  0]LogConfig: Setting CVar [[r.DefaultFeature.AutoExposure.Method:0]]
[2018.12.26-08.59.42:836][  0]LogConfig: Setting CVar [[r.DefaultFeature.AutoExposure.ExtendDefaultLuminanceRange:0]]
[2018.12.26-08.59.42:836][  0]LogConfig: Setting CVar [[r.UsePreExposure:0]]
[2018.12.26-08.59.42:836][  0]LogConfig: Setting CVar [[r.DefaultFeature.MotionBlur:0]]
[2018.12.26-08.59.42:836][  0]LogConfig: Setting CVar [[r.DefaultFeature.LensFlare:0]]
[2018.12.26-08.59.42:836][  0]LogConfig: Setting CVar [[r.TemporalAA.Upsampling:0]]
[2018.12.26-08.59.42:836][  0]LogConfig: Setting CVar [[r.DefaultFeature.AntiAliasing:0]]
[2018.12.26-08.59.42:837][  0]LogConfig: Setting CVar [[r.DefaultFeature.LightUnits:1]]
[2018.12.26-08.59.42:837][  0]LogConfig: Setting CVar [[r.DefaultBackBufferPixelFormat:4]]
[2018.12.26-08.59.42:837][  0]LogConfig: Setting CVar [[r.Shadow.UnbuiltPreviewInGame:1]]
[2018.12.26-08.59.42:837][  0]LogConfig: Setting CVar [[r.StencilForLODDither:0]]
[2018.12.26-08.59.42:837][  0]LogConfig: Setting CVar [[r.EarlyZPass:3]]
[2018.12.26-08.59.42:837][  0]LogConfig: Setting CVar [[r.EarlyZPassMovable:1]]
[2018.12.26-08.59.42:838][  0]LogConfig: Setting CVar [[r.EarlyZPassOnlyMaterialMasking:0]]
[2018.12.26-08.59.42:838][  0]LogConfig: Setting CVar [[r.DBuffer:1]]
[2018.12.26-08.59.42:838][  0]LogConfig: Setting CVar [[r.ClearSceneMethod:1]]
[2018.12.26-08.59.42:838][  0]LogConfig: Setting CVar [[r.BasePassOutputsVelocity:0]]
[2018.12.26-08.59.42:838][  0]LogConfig: Setting CVar [[r.SelectiveBasePassOutputs:0]]
[2018.12.26-08.59.42:838][  0]LogConfig: Setting CVar [[fx.GPUSimulationTextureSizeX:1024]]
[2018.12.26-08.59.42:839][  0]LogConfig: Setting CVar [[fx.GPUSimulationTextureSizeY:1024]]
[2018.12.26-08.59.42:839][  0]LogConfig: Setting CVar [[r.AllowGlobalClipPlane:0]]
[2018.12.26-08.59.42:839][  0]LogConfig: Setting CVar [[r.GBufferFormat:1]]
[2018.12.26-08.59.42:839][  0]LogConfig: Setting CVar [[r.MorphTarget.Mode:1]]
[2018.12.26-08.59.42:839][  0]LogConfig: Setting CVar [[vr.InstancedStereo:0]]
[2018.12.26-08.59.42:839][  0]LogConfig: Setting CVar [[vr.MultiView:0]]
[2018.12.26-08.59.42:839][  0]LogConfig: Setting CVar [[vr.MobileMultiView:0]]
[2018.12.26-08.59.42:839][  0]LogConfig: Setting CVar [[vr.MobileMultiView.Direct:0]]
[2018.12.26-08.59.42:840][  0]LogConfig: Setting CVar [[vr.MonoscopicFarField:0]]
[2018.12.26-08.59.42:840][  0]LogConfig: Setting CVar [[vr.RoundRobinOcclusion:0]]
[2018.12.26-08.59.42:840][  0]LogConfig: Setting CVar [[vr.ODSCapture:0]]
[2018.12.26-08.59.42:840][  0]LogConfig: Setting CVar [[r.WireframeCullThreshold:5.000000]]
[2018.12.26-08.59.42:840][  0]LogConfig: Setting CVar [[r.SupportStationarySkylight:1]]
[2018.12.26-08.59.42:840][  0]LogConfig: Setting CVar [[r.SupportLowQualityLightmaps:1]]
[2018.12.26-08.59.42:840][  0]LogConfig: Setting CVar [[r.SupportPointLightWholeSceneShadows:1]]
[2018.12.26-08.59.42:841][  0]LogConfig: Setting CVar [[r.SupportAtmosphericFog:1]]
[2018.12.26-08.59.42:841][  0]LogConfig: Setting CVar [[r.SkinCache.CompileShaders:0]]
[2018.12.26-08.59.42:841][  0]LogConfig: Setting CVar [[r.Mobile.EnableStaticAndCSMShadowReceivers:1]]
[2018.12.26-08.59.42:841][  0]LogConfig: Setting CVar [[r.Mobile.EnableMovableLightCSMShaderCulling:1]]
[2018.12.26-08.59.42:841][  0]LogConfig: Setting CVar [[r.Mobile.AllowDistanceFieldShadows:1]]
[2018.12.26-08.59.42:841][  0]LogConfig: Setting CVar [[r.Mobile.AllowMovableDirectionalLights:1]]
[2018.12.26-08.59.42:841][  0]LogConfig: Setting CVar [[r.MobileNumDynamicPointLights:4]]
[2018.12.26-08.59.42:841][  0]LogConfig: Setting CVar [[r.MobileDynamicPointLightsUseStaticBranch:1]]
[2018.12.26-08.59.42:842][  0]LogConfig: Setting CVar [[r.SkinCache.SceneMemoryLimitInMB:128.000000]]
[2018.12.26-08.59.42:842][  0]LogConfig: Setting CVar [[r.GPUSkin.Limit2BoneInfluences:0]]
[2018.12.26-08.59.42:842][  0]LogConfig: Setting CVar [[r.SupportDepthOnlyIndexBuffers:1]]
[2018.12.26-08.59.42:842][  0]LogConfig: Setting CVar [[r.SupportReversedIndexBuffers:1]]
[2018.12.26-08.59.42:842][  0]LogConfig: Setting CVar [[r.SupportMaterialLayers:0]]
[2018.12.26-08.59.42:842][  0]LogConfig: Applying CVar settings from Section [/Script/Engine.RendererOverrideSettings] File [../../../Ground1/Saved/Config/WindowsNoEditor/Engine.ini]
[2018.12.26-08.59.42:842][  0]LogConfig: Applying CVar settings from Section [/Script/Engine.StreamingSettings] File [../../../Ground1/Saved/Config/WindowsNoEditor/Engine.ini]
[2018.12.26-08.59.42:843][  0]LogConfig: Setting CVar [[s.MinBulkDataSizeForAsyncLoading:131072]]
[2018.12.26-08.59.42:843][  0]LogConfig: Setting CVar [[s.AsyncLoadingThreadEnabled:0]]
[2018.12.26-08.59.42:843][  0]LogConfig: Setting CVar [[s.EventDrivenLoaderEnabled:1]]
[2018.12.26-08.59.42:843][  0]LogConfig: Setting CVar [[s.WarnIfTimeLimitExceeded:0]]
[2018.12.26-08.59.42:843][  0]LogConfig: Setting CVar [[s.TimeLimitExceededMultiplier:1.5]]
[2018.12.26-08.59.42:843][  0]LogConfig: Setting CVar [[s.TimeLimitExceededMinTime:0.005]]
[2018.12.26-08.59.42:843][  0]LogConfig: Setting CVar [[s.UseBackgroundLevelStreaming:1]]
[2018.12.26-08.59.42:844][  0]LogConfig: Setting CVar [[s.PriorityAsyncLoadingExtraTime:15.0]]
[2018.12.26-08.59.42:844][  0]LogConfig: Setting CVar [[s.LevelStreamingActorsUpdateTimeLimit:5.0]]
[2018.12.26-08.59.42:844][  0]LogConfig: Setting CVar [[s.PriorityLevelStreamingActorsUpdateExtraTime:5.0]]
[2018.12.26-08.59.42:844][  0]LogConfig: Setting CVar [[s.LevelStreamingComponentsRegistrationGranularity:10]]
[2018.12.26-08.59.42:844][  0]LogConfig: Setting CVar [[s.UnregisterComponentsTimeLimit:1.0]]
[2018.12.26-08.59.42:844][  0]LogConfig: Setting CVar [[s.LevelStreamingComponentsUnregistrationGranularity:5]]
[2018.12.26-08.59.42:844][  0]LogConfig: Applying CVar settings from Section [/Script/Engine.GarbageCollectionSettings] File [../../../Ground1/Saved/Config/WindowsNoEditor/Engine.ini]
[2018.12.26-08.59.42:845][  0]LogConfig: Setting CVar [[gc.MaxObjectsNotConsideredByGC:1]]
[2018.12.26-08.59.42:845][  0]LogConfig: Setting CVar [[gc.SizeOfPermanentObjectPool:0]]
[2018.12.26-08.59.42:845][  0]LogConfig: Setting CVar [[gc.FlushStreamingOnGC:0]]
[2018.12.26-08.59.42:845][  0]LogConfig: Setting CVar [[gc.NumRetriesBeforeForcingGC:10]]
[2018.12.26-08.59.42:845][  0]LogConfig: Setting CVar [[gc.AllowParallelGC:1]]
[2018.12.26-08.59.42:845][  0]LogConfig: Setting CVar [[gc.TimeBetweenPurgingPendingKillObjects:61.1]]
[2018.12.26-08.59.42:845][  0]LogConfig: Setting CVar [[gc.MaxObjectsInEditor:8388607]]
[2018.12.26-08.59.42:846][  0]LogConfig: Setting CVar [[gc.IncrementalBeginDestroyEnabled:1]]
[2018.12.26-08.59.42:846][  0]LogConfig: Setting CVar [[gc.CreateGCClusters:1]]
[2018.12.26-08.59.42:846][  0]LogConfig: Setting CVar [[gc.MergeGCClusters:0]]
[2018.12.26-08.59.42:846][  0]LogConfig: Setting CVar [[gc.MinGCClusterSize:5]]
[2018.12.26-08.59.42:846][  0]LogConfig: Setting CVar [[gc.ActorClusteringEnabled:0]]
[2018.12.26-08.59.42:846][  0]LogConfig: Setting CVar [[gc.BlueprintClusteringEnabled:0]]
[2018.12.26-08.59.42:846][  0]LogConfig: Setting CVar [[gc.UseDisregardForGCOnDedicatedServers:0]]
[2018.12.26-08.59.42:847][  0]LogConfig: Applying CVar settings from Section [/Script/Engine.NetworkSettings] File [../../../Ground1/Saved/Config/WindowsNoEditor/Engine.ini]
[2018.12.26-08.59.42:853][  0]LogConfig: Applying CVar settings from Section [ViewDistanceQuality@3] File [../../../Ground1/Saved/Config/WindowsNoEditor/Scalability.ini]
[2018.12.26-08.59.42:854][  0]LogConfig: Setting CVar [[r.SkeletalMeshLODBias:0]]
[2018.12.26-08.59.42:854][  0]LogConfig: Setting CVar [[r.ViewDistanceScale:1.0]]
[2018.12.26-08.59.42:854][  0]LogConfig: Applying CVar settings from Section [AntiAliasingQuality@3] File [../../../Ground1/Saved/Config/WindowsNoEditor/Scalability.ini]
[2018.12.26-08.59.42:854][  0]LogConfig: Setting CVar [[r.PostProcessAAQuality:4]]
[2018.12.26-08.59.42:854][  0]LogConfig: Applying CVar settings from Section [ShadowQuality@3] File [../../../Ground1/Saved/Config/WindowsNoEditor/Scalability.ini]
[2018.12.26-08.59.42:854][  0]LogConfig: Setting CVar [[r.LightFunctionQuality:1]]
[2018.12.26-08.59.42:854][  0]LogConfig: Setting CVar [[r.ShadowQuality:5]]
[2018.12.26-08.59.42:854][  0]LogConfig: Setting CVar [[r.Shadow.CSM.MaxCascades:10]]
[2018.12.26-08.59.42:854][  0]LogConfig: Setting CVar [[r.Shadow.MaxResolution:2048]]
[2018.12.26-08.59.42:854][  0]LogConfig: Setting CVar [[r.Shadow.MaxCSMResolution:2048]]
[2018.12.26-08.59.42:854][  0]LogConfig: Setting CVar [[r.Shadow.RadiusThreshold:0.01]]
[2018.12.26-08.59.42:854][  0]LogConfig: Setting CVar [[r.Shadow.DistanceScale:1.0]]
[2018.12.26-08.59.42:855][  0]LogConfig: Setting CVar [[r.Shadow.CSM.TransitionScale:1.0]]
[2018.12.26-08.59.42:855][  0]LogConfig: Setting CVar [[r.Shadow.PreShadowResolutionFactor:1.0]]
[2018.12.26-08.59.42:855][  0]LogConfig: Setting CVar [[r.DistanceFieldShadowing:1]]
[2018.12.26-08.59.42:855][  0]LogConfig: Setting CVar [[r.DistanceFieldAO:1]]
[2018.12.26-08.59.42:855][  0]LogConfig: Setting CVar [[r.AOQuality:2]]
[2018.12.26-08.59.42:855][  0]LogConfig: Setting CVar [[r.VolumetricFog:1]]
[2018.12.26-08.59.42:855][  0]LogConfig: Setting CVar [[r.VolumetricFog.GridPixelSize:8]]
[2018.12.26-08.59.42:855][  0]LogConfig: Setting CVar [[r.VolumetricFog.GridSizeZ:128]]
[2018.12.26-08.59.42:855][  0]LogConfig: Setting CVar [[r.VolumetricFog.HistoryMissSupersampleCount:4]]
[2018.12.26-08.59.42:855][  0]LogConfig: Setting CVar [[r.LightMaxDrawDistanceScale:1]]
[2018.12.26-08.59.42:855][  0]LogConfig: Setting CVar [[r.CapsuleShadows:1]]
[2018.12.26-08.59.42:855][  0]LogConfig: Applying CVar settings from Section [PostProcessQuality@3] File [../../../Ground1/Saved/Config/WindowsNoEditor/Scalability.ini]
[2018.12.26-08.59.42:856][  0]LogConfig: Setting CVar [[r.MotionBlurQuality:4]]
[2018.12.26-08.59.42:856][  0]LogConfig: Setting CVar [[r.AmbientOcclusionMipLevelFactor:0.4]]
[2018.12.26-08.59.42:856][  0]LogConfig: Setting CVar [[r.AmbientOcclusionMaxQuality:100]]
[2018.12.26-08.59.42:856][  0]LogConfig: Setting CVar [[r.AmbientOcclusionLevels:-1]]
[2018.12.26-08.59.42:856][  0]LogConfig: Setting CVar [[r.AmbientOcclusionRadiusScale:1.0]]
[2018.12.26-08.59.42:856][  0]LogConfig: Setting CVar [[r.DepthOfFieldQuality:2]]
[2018.12.26-08.59.42:856][  0]LogConfig: Setting CVar [[r.RenderTargetPoolMin:400]]
[2018.12.26-08.59.42:856][  0]LogConfig: Setting CVar [[r.LensFlareQuality:2]]
[2018.12.26-08.59.42:856][  0]LogConfig: Setting CVar [[r.SceneColorFringeQuality:1]]
[2018.12.26-08.59.42:856][  0]LogConfig: Setting CVar [[r.EyeAdaptationQuality:2]]
[2018.12.26-08.59.42:856][  0]LogConfig: Setting CVar [[r.BloomQuality:5]]
[2018.12.26-08.59.42:856][  0]LogConfig: Setting CVar [[r.FastBlurThreshold:100]]
[2018.12.26-08.59.42:856][  0]LogConfig: Setting CVar [[r.Upscale.Quality:3]]
[2018.12.26-08.59.42:857][  0]LogConfig: Setting CVar [[r.Tonemapper.GrainQuantization:1]]
[2018.12.26-08.59.42:857][  0]LogConfig: Setting CVar [[r.LightShaftQuality:1]]
[2018.12.26-08.59.42:857][  0]LogConfig: Setting CVar [[r.Filter.SizeScale:1]]
[2018.12.26-08.59.42:857][  0]LogConfig: Setting CVar [[r.Tonemapper.Quality:5]]
[2018.12.26-08.59.42:857][  0]LogConfig: Setting CVar [[r.DOF.Gather.AccumulatorQuality:1        ; higher gathering accumulator quality]]
[2018.12.26-08.59.42:857][  0]LogConfig: Setting CVar [[r.DOF.Gather.PostfilterMethod:1          ; Median3x3 postfilering method]]
[2018.12.26-08.59.42:857][  0]LogConfig: Setting CVar [[r.DOF.Gather.EnableBokehSettings:0       ; no bokeh simulation when gathering]]
[2018.12.26-08.59.42:857][  0]LogConfig: Setting CVar [[r.DOF.Gather.RingCount:4                 ; medium number of samples when gathering]]
[2018.12.26-08.59.42:857][  0]LogConfig: Setting CVar [[r.DOF.Scatter.ForegroundCompositing:1    ; additive foreground scattering]]
[2018.12.26-08.59.42:857][  0]LogConfig: Setting CVar [[r.DOF.Scatter.BackgroundCompositing:2    ; additive background scattering]]
[2018.12.26-08.59.42:857][  0]LogConfig: Setting CVar [[r.DOF.Scatter.EnableBokehSettings:1      ; bokeh simulation when scattering]]
[2018.12.26-08.59.42:857][  0]LogConfig: Setting CVar [[r.DOF.Scatter.MaxSpriteRatio:0.1         ; only a maximum of 10% of scattered bokeh]]
[2018.12.26-08.59.42:857][  0]LogConfig: Setting CVar [[r.DOF.Recombine.Quality:1                ; cheap slight out of focus]]
[2018.12.26-08.59.42:858][  0]LogConfig: Setting CVar [[r.DOF.Recombine.EnableBokehSettings:0    ; no bokeh simulation on slight out of focus]]
[2018.12.26-08.59.42:858][  0]LogConfig: Setting CVar [[r.DOF.TemporalAAQuality:1                ; more stable temporal accumulation]]
[2018.12.26-08.59.42:858][  0]LogConfig: Setting CVar [[r.DOF.Kernel.MaxForegroundRadius:0.025]]
[2018.12.26-08.59.42:858][  0]LogConfig: Setting CVar [[r.DOF.Kernel.MaxBackgroundRadius:0.025]]
[2018.12.26-08.59.42:858][  0]LogConfig: Applying CVar settings from Section [TextureQuality@3] File [../../../Ground1/Saved/Config/WindowsNoEditor/Scalability.ini]
[2018.12.26-08.59.42:858][  0]LogConfig: Setting CVar [[r.Streaming.MipBias:0]]
[2018.12.26-08.59.42:858][  0]LogConfig: Setting CVar [[r.Streaming.AmortizeCPUToGPUCopy:0]]
[2018.12.26-08.59.42:858][  0]LogConfig: Setting CVar [[r.Streaming.MaxNumTexturesToStreamPerFrame:0]]
[2018.12.26-08.59.42:858][  0]LogConfig: Setting CVar [[r.Streaming.Boost:1]]
[2018.12.26-08.59.42:858][  0]LogConfig: Setting CVar [[r.MaxAnisotropy:8]]
[2018.12.26-08.59.42:858][  0]LogConfig: Setting CVar [[r.Streaming.LimitPoolSizeToVRAM:0]]
[2018.12.26-08.59.42:858][  0]LogConfig: Setting CVar [[r.Streaming.PoolSize:1000]]
[2018.12.26-08.59.42:859][  0]LogConfig: Setting CVar [[r.Streaming.MaxEffectiveScreenSize:0]]
[2018.12.26-08.59.42:859][  0]LogConfig: Applying CVar settings from Section [EffectsQuality@3] File [../../../Ground1/Saved/Config/WindowsNoEditor/Scalability.ini]
[2018.12.26-08.59.42:859][  0]LogConfig: Setting CVar [[r.TranslucencyLightingVolumeDim:64]]
[2018.12.26-08.59.42:859][  0]LogConfig: Setting CVar [[r.RefractionQuality:2]]
[2018.12.26-08.59.42:859][  0]LogConfig: Setting CVar [[r.SSR.Quality:3]]
[2018.12.26-08.59.42:859][  0]LogConfig: Setting CVar [[r.SceneColorFormat:4]]
[2018.12.26-08.59.42:859][  0]LogConfig: Setting CVar [[r.DetailMode:2]]
[2018.12.26-08.59.42:859][  0]LogConfig: Setting CVar [[r.TranslucencyVolumeBlur:1]]
[2018.12.26-08.59.42:859][  0]LogConfig: Setting CVar [[r.MaterialQualityLevel:1 ; High quality]]
[2018.12.26-08.59.42:859][  0]LogConfig: Setting CVar [[r.SSS.Scale:1]]
[2018.12.26-08.59.42:859][  0]LogConfig: Setting CVar [[r.SSS.SampleSet:2]]
[2018.12.26-08.59.42:859][  0]LogConfig: Setting CVar [[r.SSS.Quality:1]]
[2018.12.26-08.59.42:859][  0]LogConfig: Setting CVar [[r.SSS.HalfRes:1]]
[2018.12.26-08.59.42:860][  0]LogConfig: Setting CVar [[r.EmitterSpawnRateScale:1.0]]
[2018.12.26-08.59.42:860][  0]LogConfig: Setting CVar [[r.ParticleLightQuality:2]]
[2018.12.26-08.59.42:860][  0]LogConfig: Applying CVar settings from Section [FoliageQuality@3] File [../../../Ground1/Saved/Config/WindowsNoEditor/Scalability.ini]
[2018.12.26-08.59.42:860][  0]LogConfig: Setting CVar [[foliage.DensityScale:1.0]]
[2018.12.26-08.59.42:860][  0]LogConfig: Setting CVar [[grass.DensityScale:1.0]]
[2018.12.26-08.59.42:860][  0]LogInit: Selected Device Profile: [WindowsNoEditor]
[2018.12.26-08.59.42:860][  0]LogInit: Applying CVar settings loaded from the selected device profile: [WindowsNoEditor]
[2018.12.26-08.59.42:873][  0]LogHAL: Display: Platform has ~ 8 GB [8467431424 / 8589934592 / 8], which maps to Default [LargestMinGB=32, LargerMinGB=12, DefaultMinGB=8, SmallerMinGB=6, SmallestMinGB=0)
[2018.12.26-08.59.42:873][  0]LogInit: Going up to parent DeviceProfile [Windows]
[2018.12.26-08.59.42:873][  0]LogConfig: Setting CVar [[r.Vulkan.UseRealUBs:1]]
[2018.12.26-08.59.42:873][  0]LogInit: Going up to parent DeviceProfile []
[2018.12.26-08.59.42:873][  0]LogConfig: Applying CVar settings from Section [ViewDistanceQuality@3] File [../../../Ground1/Saved/Config/WindowsNoEditor/Scalability.ini]
[2018.12.26-08.59.42:874][  0]LogConfig: Setting CVar [[r.SkeletalMeshLODBias:0]]
[2018.12.26-08.59.42:874][  0]LogConfig: Setting CVar [[r.ViewDistanceScale:1.0]]
[2018.12.26-08.59.42:874][  0]LogConfig: Applying CVar settings from Section [AntiAliasingQuality@3] File [../../../Ground1/Saved/Config/WindowsNoEditor/Scalability.ini]
[2018.12.26-08.59.42:874][  0]LogConfig: Setting CVar [[r.PostProcessAAQuality:4]]
[2018.12.26-08.59.42:874][  0]LogConfig: Applying CVar settings from Section [ShadowQuality@3] File [../../../Ground1/Saved/Config/WindowsNoEditor/Scalability.ini]
[2018.12.26-08.59.42:874][  0]LogConfig: Setting CVar [[r.LightFunctionQuality:1]]
[2018.12.26-08.59.42:874][  0]LogConfig: Setting CVar [[r.ShadowQuality:5]]
[2018.12.26-08.59.42:874][  0]LogConfig: Setting CVar [[r.Shadow.CSM.MaxCascades:10]]
[2018.12.26-08.59.42:875][  0]LogConfig: Setting CVar [[r.Shadow.MaxResolution:2048]]
[2018.12.26-08.59.42:875][  0]LogConfig: Setting CVar [[r.Shadow.MaxCSMResolution:2048]]
[2018.12.26-08.59.42:875][  0]LogConfig: Setting CVar [[r.Shadow.RadiusThreshold:0.01]]
[2018.12.26-08.59.42:875][  0]LogConfig: Setting CVar [[r.Shadow.DistanceScale:1.0]]
[2018.12.26-08.59.42:875][  0]LogConfig: Setting CVar [[r.Shadow.CSM.TransitionScale:1.0]]
[2018.12.26-08.59.42:875][  0]LogConfig: Setting CVar [[r.Shadow.PreShadowResolutionFactor:1.0]]
[2018.12.26-08.59.42:875][  0]LogConfig: Setting CVar [[r.DistanceFieldShadowing:1]]
[2018.12.26-08.59.42:875][  0]LogConfig: Setting CVar [[r.DistanceFieldAO:1]]
[2018.12.26-08.59.42:875][  0]LogConfig: Setting CVar [[r.AOQuality:2]]
[2018.12.26-08.59.42:876][  0]LogConfig: Setting CVar [[r.VolumetricFog:1]]
[2018.12.26-08.59.42:876][  0]LogConfig: Setting CVar [[r.VolumetricFog.GridPixelSize:8]]
[2018.12.26-08.59.42:876][  0]LogConfig: Setting CVar [[r.VolumetricFog.GridSizeZ:128]]
[2018.12.26-08.59.42:876][  0]LogConfig: Setting CVar [[r.VolumetricFog.HistoryMissSupersampleCount:4]]
[2018.12.26-08.59.42:876][  0]LogConfig: Setting CVar [[r.LightMaxDrawDistanceScale:1]]
[2018.12.26-08.59.42:876][  0]LogConfig: Setting CVar [[r.CapsuleShadows:1]]
[2018.12.26-08.59.42:876][  0]LogConfig: Applying CVar settings from Section [PostProcessQuality@3] File [../../../Ground1/Saved/Config/WindowsNoEditor/Scalability.ini]
[2018.12.26-08.59.42:876][  0]LogConfig: Setting CVar [[r.MotionBlurQuality:4]]
[2018.12.26-08.59.42:877][  0]LogConfig: Setting CVar [[r.AmbientOcclusionMipLevelFactor:0.4]]
[2018.12.26-08.59.42:877][  0]LogConfig: Setting CVar [[r.AmbientOcclusionMaxQuality:100]]
[2018.12.26-08.59.42:877][  0]LogConfig: Setting CVar [[r.AmbientOcclusionLevels:-1]]
[2018.12.26-08.59.42:877][  0]LogConfig: Setting CVar [[r.AmbientOcclusionRadiusScale:1.0]]
[2018.12.26-08.59.42:877][  0]LogConfig: Setting CVar [[r.DepthOfFieldQuality:2]]
[2018.12.26-08.59.42:877][  0]LogConfig: Setting CVar [[r.RenderTargetPoolMin:400]]
[2018.12.26-08.59.42:877][  0]LogConfig: Setting CVar [[r.LensFlareQuality:2]]
[2018.12.26-08.59.42:877][  0]LogConfig: Setting CVar [[r.SceneColorFringeQuality:1]]
[2018.12.26-08.59.42:878][  0]LogConfig: Setting CVar [[r.EyeAdaptationQuality:2]]
[2018.12.26-08.59.42:878][  0]LogConfig: Setting CVar [[r.BloomQuality:5]]
[2018.12.26-08.59.42:878][  0]LogConfig: Setting CVar [[r.FastBlurThreshold:100]]
[2018.12.26-08.59.42:878][  0]LogConfig: Setting CVar [[r.Upscale.Quality:3]]
[2018.12.26-08.59.42:878][  0]LogConfig: Setting CVar [[r.Tonemapper.GrainQuantization:1]]
[2018.12.26-08.59.42:878][  0]LogConfig: Setting CVar [[r.LightShaftQuality:1]]
[2018.12.26-08.59.42:878][  0]LogConfig: Setting CVar [[r.Filter.SizeScale:1]]
[2018.12.26-08.59.42:878][  0]LogConfig: Setting CVar [[r.Tonemapper.Quality:5]]
[2018.12.26-08.59.42:878][  0]LogConfig: Setting CVar [[r.DOF.Gather.AccumulatorQuality:1        ; higher gathering accumulator quality]]
[2018.12.26-08.59.42:879][  0]LogConfig: Setting CVar [[r.DOF.Gather.PostfilterMethod:1          ; Median3x3 postfilering method]]
[2018.12.26-08.59.42:879][  0]LogConfig: Setting CVar [[r.DOF.Gather.EnableBokehSettings:0       ; no bokeh simulation when gathering]]
[2018.12.26-08.59.42:879][  0]LogConfig: Setting CVar [[r.DOF.Gather.RingCount:4                 ; medium number of samples when gathering]]
[2018.12.26-08.59.42:879][  0]LogConfig: Setting CVar [[r.DOF.Scatter.ForegroundCompositing:1    ; additive foreground scattering]]
[2018.12.26-08.59.42:879][  0]LogConfig: Setting CVar [[r.DOF.Scatter.BackgroundCompositing:2    ; additive background scattering]]
[2018.12.26-08.59.42:879][  0]LogConfig: Setting CVar [[r.DOF.Scatter.EnableBokehSettings:1      ; bokeh simulation when scattering]]
[2018.12.26-08.59.42:879][  0]LogConfig: Setting CVar [[r.DOF.Scatter.MaxSpriteRatio:0.1         ; only a maximum of 10% of scattered bokeh]]
[2018.12.26-08.59.42:879][  0]LogConfig: Setting CVar [[r.DOF.Recombine.Quality:1                ; cheap slight out of focus]]
[2018.12.26-08.59.42:879][  0]LogConfig: Setting CVar [[r.DOF.Recombine.EnableBokehSettings:0    ; no bokeh simulation on slight out of focus]]
[2018.12.26-08.59.42:880][  0]LogConfig: Setting CVar [[r.DOF.TemporalAAQuality:1                ; more stable temporal accumulation]]
[2018.12.26-08.59.42:880][  0]LogConfig: Setting CVar [[r.DOF.Kernel.MaxForegroundRadius:0.025]]
[2018.12.26-08.59.42:880][  0]LogConfig: Setting CVar [[r.DOF.Kernel.MaxBackgroundRadius:0.025]]
[2018.12.26-08.59.42:880][  0]LogConfig: Applying CVar settings from Section [TextureQuality@3] File [../../../Ground1/Saved/Config/WindowsNoEditor/Scalability.ini]
[2018.12.26-08.59.42:880][  0]LogConfig: Setting CVar [[r.Streaming.MipBias:0]]
[2018.12.26-08.59.42:880][  0]LogConfig: Setting CVar [[r.Streaming.AmortizeCPUToGPUCopy:0]]
[2018.12.26-08.59.42:880][  0]LogConfig: Setting CVar [[r.Streaming.MaxNumTexturesToStreamPerFrame:0]]
[2018.12.26-08.59.42:880][  0]LogConfig: Setting CVar [[r.Streaming.Boost:1]]
[2018.12.26-08.59.42:880][  0]LogConfig: Setting CVar [[r.MaxAnisotropy:8]]
[2018.12.26-08.59.42:881][  0]LogConfig: Setting CVar [[r.Streaming.LimitPoolSizeToVRAM:0]]
[2018.12.26-08.59.42:881][  0]LogConfig: Setting CVar [[r.Streaming.PoolSize:1000]]
[2018.12.26-08.59.42:881][  0]LogConfig: Setting CVar [[r.Streaming.MaxEffectiveScreenSize:0]]
[2018.12.26-08.59.42:881][  0]LogConfig: Applying CVar settings from Section [EffectsQuality@3] File [../../../Ground1/Saved/Config/WindowsNoEditor/Scalability.ini]
[2018.12.26-08.59.42:881][  0]LogConfig: Setting CVar [[r.TranslucencyLightingVolumeDim:64]]
[2018.12.26-08.59.42:881][  0]LogConfig: Setting CVar [[r.RefractionQuality:2]]
[2018.12.26-08.59.42:881][  0]LogConfig: Setting CVar [[r.SSR.Quality:3]]
[2018.12.26-08.59.42:881][  0]LogConfig: Setting CVar [[r.SceneColorFormat:4]]
[2018.12.26-08.59.42:881][  0]LogConfig: Setting CVar [[r.DetailMode:2]]
[2018.12.26-08.59.42:882][  0]LogConfig: Setting CVar [[r.TranslucencyVolumeBlur:1]]
[2018.12.26-08.59.42:882][  0]LogConfig: Setting CVar [[r.MaterialQualityLevel:1 ; High quality]]
[2018.12.26-08.59.42:882][  0]LogConfig: Setting CVar [[r.SSS.Scale:1]]
[2018.12.26-08.59.42:882][  0]LogConfig: Setting CVar [[r.SSS.SampleSet:2]]
[2018.12.26-08.59.42:882][  0]LogConfig: Setting CVar [[r.SSS.Quality:1]]
[2018.12.26-08.59.42:882][  0]LogConfig: Setting CVar [[r.SSS.HalfRes:1]]
[2018.12.26-08.59.42:882][  0]LogConfig: Setting CVar [[r.EmitterSpawnRateScale:1.0]]
[2018.12.26-08.59.42:882][  0]LogConfig: Setting CVar [[r.ParticleLightQuality:2]]
[2018.12.26-08.59.42:882][  0]LogConfig: Applying CVar settings from Section [FoliageQuality@3] File [../../../Ground1/Saved/Config/WindowsNoEditor/Scalability.ini]
[2018.12.26-08.59.42:883][  0]LogConfig: Setting CVar [[foliage.DensityScale:1.0]]
[2018.12.26-08.59.42:883][  0]LogConfig: Setting CVar [[grass.DensityScale:1.0]]
[2018.12.26-08.59.42:883][  0]LogConfig: Applying CVar settings from Section [Startup] File [../../../Engine/Config/ConsoleVariables.ini]
[2018.12.26-08.59.42:883][  0]LogConfig: Setting CVar [[net.UseAdaptiveNetUpdateFrequency:0]]
[2018.12.26-08.59.42:883][  0]LogConfig: Applying CVar settings from Section [ConsoleVariables] File [../../../Ground1/Saved/Config/WindowsNoEditor/Engine.ini]
[2018.12.26-08.59.42:884][  0]LogInit: Computer: DESKTOP-D7BLDHU
[2018.12.26-08.59.42:884][  0]LogInit: User: AkaFist
[2018.12.26-08.59.42:884][  0]LogInit: CPU Page size=4096, Cores=4
[2018.12.26-08.59.42:884][  0]LogInit: High frequency timer resolution =10.000000 MHz
[2018.12.26-08.59.42:885][  0]LogMemory: Memory total: Physical=7.9GB (8GB approx) Virtual=4.0GB
[2018.12.26-08.59.42:885][  0]LogMemory: Platform Memory Stats for WindowsNoEditor
[2018.12.26-08.59.42:885][  0]LogMemory: Process Physical Memory: 47.73 MB used, 47.73 MB peak
[2018.12.26-08.59.42:885][  0]LogMemory: Process Virtual Memory: 61.05 MB used, 61.05 MB peak
[2018.12.26-08.59.42:885][  0]LogMemory: Physical Memory: 7286.55 MB used,  788.62 MB free, 8075.17 MB total
[2018.12.26-08.59.42:886][  0]LogMemory: Virtual Memory: 270.98 MB used,  3824.90 MB free, 4095.88 MB total
[2018.12.26-08.59.44:086][  0]LogInit: Using OS detected language (ru-RU).
[2018.12.26-08.59.44:086][  0]LogInit: Using OS detected locale (ru-RU).
[2018.12.26-08.59.44:087][  0]LogTextLocalizationManager: No localization for 'ru-RU' exists, so 'en' will be used for the language.
[2018.12.26-08.59.44:087][  0]LogTextLocalizationManager: No localization for 'ru-RU' exists, so 'en' will be used for the locale.
[2018.12.26-08.59.44:120][  0]LogStreaming: Display: Took  0.035s to InitEngineTextLocalization.
[2018.12.26-08.59.44:211][  0]LogSlate: New Slate User Created.  User Index 0, Is Virtual User: 0
[2018.12.26-08.59.44:211][  0]LogSlate: Slate User Registered.  User Index 0, Is Virtual User: 0
[2018.12.26-08.59.44:228][  0]LogHMD: Failed to initialize OpenVR with code 110
[2018.12.26-08.59.44:228][  0]LogD3D11RHI: D3D11 adapters:
[2018.12.26-08.59.45:646][  0]LogD3D11RHI:    0. 'NVIDIA GeForce GT 750M' (Feature Level 11_0)
[2018.12.26-08.59.45:646][  0]LogD3D11RHI:       3072/0/1023 MB DedicatedVideo/DedicatedSystem/SharedSystem, Outputs:1, VendorId:0x10de
[2018.12.26-08.59.45:654][  0]LogD3D11RHI:    1. 'Intel(R) HD Graphics 4600' (Feature Level 11_0)
[2018.12.26-08.59.45:654][  0]LogD3D11RHI:       112/0/2048 MB DedicatedVideo/DedicatedSystem/SharedSystem, Outputs:0, VendorId:0x8086
[2018.12.26-08.59.45:657][  0]LogD3D11RHI:    2. 'Microsoft Basic Render Driver' (Feature Level 11_0)
[2018.12.26-08.59.45:657][  0]LogD3D11RHI:       0/0/4037 MB DedicatedVideo/DedicatedSystem/SharedSystem, Outputs:0, VendorId:0x1414
[2018.12.26-08.59.45:657][  0]LogD3D11RHI: Chosen D3D11 Adapter: 0
[2018.12.26-08.59.45:676][  0]LogD3D11RHI: Creating new Direct3DDevice
[2018.12.26-08.59.45:676][  0]LogD3D11RHI:     GPU DeviceId: 0xfe4 (for the marketing name, search the web for "GPU Device Id")
[2018.12.26-08.59.45:676][  0]LogWindows: EnumDisplayDevices:
[2018.12.26-08.59.45:676][  0]LogWindows:    0. 'Intel(R) HD Graphics 4600' (P:1 D:1)
[2018.12.26-08.59.45:676][  0]LogWindows:    1. 'Intel(R) HD Graphics 4600' (P:0 D:0)
[2018.12.26-08.59.45:677][  0]LogWindows:    2. 'Intel(R) HD Graphics 4600' (P:0 D:0)
[2018.12.26-08.59.45:677][  0]LogWindows: DebugString: PrimaryIsNotTheChoosenAdapter PrimaryIsNotTheChoosenAdapter PrimaryIsNotTheChoosenAdapter FoundDriverCount:0 
[2018.12.26-08.59.45:677][  0]LogD3D11RHI:     Adapter Name: NVIDIA GeForce GT 750M
[2018.12.26-08.59.45:677][  0]LogD3D11RHI:   Driver Version: Unknown (internal:Unknown, unified:Unknown)
[2018.12.26-08.59.45:677][  0]LogD3D11RHI:      Driver Date: Unknown
[2018.12.26-08.59.45:677][  0]LogRHI: Texture pool is 716 MB (70% of 1024 MB)
[2018.12.26-08.59.45:763][  0]LogD3D11RHI: Async texture creation enabled
[2018.12.26-08.59.45:782][  0]LogD3D11RHI: GPU Timing Frequency: 1000.000000 (Debug: 2 2)
[2018.12.26-08.59.45:783][  0]LogShaderLibrary: Display: Failed to load Shared Shader Library: Global and no native library supported.
[2018.12.26-08.59.45:783][  0]LogShaderLibrary: Display: Failed to load Shared Shader Library: Global_SC and no native library supported.
[2018.12.26-08.59.45:783][  0]LogShaderLibrary: Display: Failed to load Shared Shader Library: Paper2D and no native library supported.
[2018.12.26-08.59.45:783][  0]LogShaderLibrary: Display: Failed to load Shared Shader Library: Paper2D_SC and no native library supported.
[2018.12.26-08.59.45:783][  0]LogShaderLibrary: Display: Failed to load Shared Shader Library: Paper2D and no native library supported.
[2018.12.26-08.59.45:783][  0]LogShaderLibrary: Display: Failed to load Shared Shader Library: Paper2D_SC and no native library supported.
[2018.12.26-08.59.45:784][  0]LogShaderLibrary: Display: Failed to load Shared Shader Library: CryptoKeys and no native library supported.
[2018.12.26-08.59.45:784][  0]LogShaderLibrary: Display: Failed to load Shared Shader Library: CryptoKeys_SC and no native library supported.
[2018.12.26-08.59.45:784][  0]LogShaderLibrary: Display: Failed to load Shared Shader Library: CryptoKeys and no native library supported.
[2018.12.26-08.59.45:784][  0]LogShaderLibrary: Display: Failed to load Shared Shader Library: CryptoKeys_SC and no native library supported.
[2018.12.26-08.59.45:784][  0]LogShaderLibrary: Display: Failed to load Shared Shader Library: MeshEditor and no native library supported.
[2018.12.26-08.59.45:784][  0]LogShaderLibrary: Display: Failed to load Shared Shader Library: MeshEditor_SC and no native library supported.
[2018.12.26-08.59.45:784][  0]LogShaderLibrary: Display: Failed to load Shared Shader Library: MeshEditor and no native library supported.
[2018.12.26-08.59.45:784][  0]LogShaderLibrary: Display: Failed to load Shared Shader Library: MeshEditor_SC and no native library supported.
[2018.12.26-08.59.45:784][  0]LogShaderLibrary: Display: Failed to load Shared Shader Library: DatasmithContent and no native library supported.
[2018.12.26-08.59.45:784][  0]LogShaderLibrary: Display: Failed to load Shared Shader Library: DatasmithContent_SC and no native library supported.
[2018.12.26-08.59.45:784][  0]LogShaderLibrary: Display: Failed to load Shared Shader Library: DatasmithContent and no native library supported.
[2018.12.26-08.59.45:784][  0]LogShaderLibrary: Display: Failed to load Shared Shader Library: DatasmithContent_SC and no native library supported.
[2018.12.26-08.59.45:784][  0]LogShaderLibrary: Display: Failed to load Shared Shader Library: VariantManagerContent and no native library supported.
[2018.12.26-08.59.45:785][  0]LogShaderLibrary: Display: Failed to load Shared Shader Library: VariantManagerContent_SC and no native library supported.
[2018.12.26-08.59.45:785][  0]LogShaderLibrary: Display: Failed to load Shared Shader Library: VariantManagerContent and no native library supported.
[2018.12.26-08.59.45:785][  0]LogShaderLibrary: Display: Failed to load Shared Shader Library: VariantManagerContent_SC and no native library supported.
[2018.12.26-08.59.45:785][  0]LogShaderLibrary: Display: Failed to load Shared Shader Library: MediaCompositing and no native library supported.
[2018.12.26-08.59.45:785][  0]LogShaderLibrary: Display: Failed to load Shared Shader Library: MediaCompositing_SC and no native library supported.
[2018.12.26-08.59.45:785][  0]LogShaderLibrary: Display: Failed to load Shared Shader Library: MediaCompositing and no native library supported.
[2018.12.26-08.59.45:785][  0]LogShaderLibrary: Display: Failed to load Shared Shader Library: MediaCompositing_SC and no native library supported.
[2018.12.26-08.59.45:785][  0]LogShaderLibrary: Display: Failed to load Shared Shader Library: OculusVR and no native library supported.
[2018.12.26-08.59.45:785][  0]LogShaderLibrary: Display: Failed to load Shared Shader Library: OculusVR_SC and no native library supported.
[2018.12.26-08.59.45:785][  0]LogShaderLibrary: Display: Failed to load Shared Shader Library: OculusVR and no native library supported.
[2018.12.26-08.59.45:785][  0]LogShaderLibrary: Display: Failed to load Shared Shader Library: OculusVR_SC and no native library supported.
[2018.12.26-08.59.45:785][  0]LogShaderLibrary: Display: Failed to load Shared Shader Library: SteamVR and no native library supported.
[2018.12.26-08.59.45:786][  0]LogShaderLibrary: Display: Failed to load Shared Shader Library: SteamVR_SC and no native library supported.
[2018.12.26-08.59.45:786][  0]LogShaderLibrary: Display: Failed to load Shared Shader Library: SteamVR and no native library supported.
[2018.12.26-08.59.45:786][  0]LogShaderLibrary: Display: Failed to load Shared Shader Library: SteamVR_SC and no native library supported.
[2018.12.26-08.59.45:884][  0]LogMaterial: Verifying Global Shaders for PCD3D_SM5
[2018.12.26-08.59.45:910][  0]LogSlate: Using FreeType 2.6.0
[2018.12.26-08.59.45:935][  0]LogSlate: SlateFontServices - WITH_FREETYPE: 1, WITH_HARFBUZZ: 1
[2018.12.26-08.59.46:306][  0]LogShaderLibrary: Display: Failed to load Shared Shader Library: Ground1 and no native library supported.
[2018.12.26-08.59.46:307][  0]LogShaderLibrary: Display: Failed to load Shared Shader Library: Ground1_SC and no native library supported.
[2018.12.26-08.59.46:307][  0]LogRHI: Display: Opened pipeline cache after state change and enqueued 0 of 0 tasks for precompile.
[2018.12.26-08.59.46:307][  0]LogShaderLibrary: Display: Failed to load Shared Shader Library: Ground1 and no native library supported.
[2018.12.26-08.59.46:307][  0]LogShaderLibrary: Display: Failed to load Shared Shader Library: Ground1_SC and no native library supported.
[2018.12.26-08.59.46:307][  0]LogRHI: Display: Opened pipeline cache after state change and enqueued 0 of 0 tasks for precompile.
[2018.12.26-08.59.46:308][  0]LogRHI: Display: Failed to open default shader pipeline cache for Ground1 using shader platform 0.
[2018.12.26-08.59.46:308][  0]LogRHI: Display: Failed to open default shader pipeline cache for Ground1 using shader platform 0.
[2018.12.26-08.59.46:308][  0]LogInit: Using OS detected language (ru-RU).
[2018.12.26-08.59.46:308][  0]LogInit: Using OS detected locale (ru-RU).
[2018.12.26-08.59.46:308][  0]LogTextLocalizationManager: No localization for 'ru-RU' exists, so 'en' will be used for the language.
[2018.12.26-08.59.46:309][  0]LogTextLocalizationManager: No localization for 'ru-RU' exists, so 'en' will be used for the locale.
[2018.12.26-08.59.46:310][  0]LogStreaming: Display: Took  0.002s to InitGameTextLocalization.
[2018.12.26-08.59.46:342][  0]LogAssetRegistry: FAssetRegistry took 0.0307 seconds to start up
[2018.12.26-08.59.46:448][  0]LogStreaming: Display: Flushing async loaders.
[2018.12.26-08.59.46:459][  0]LogPackageLocalizationCache: Processed 10 localized package path(s) for 1 prioritized culture(s) in 0.008960 seconds
[2018.12.26-08.59.46:459][  0]LogPakFile: New pak file ../../../Ground1/Content/Paks/Ground1-WindowsNoEditor.pak added to pak precacher.
[2018.12.26-08.59.46:488][  0]LogInit: Selected Device Profile: [WindowsNoEditor]
[2018.12.26-08.59.46:502][  0]LogNetVersion: Ground1 1.0.0, NetCL: 4541578, EngineNetVer: 5, GameNetVer: 0 (Checksum: 3834678886)
[2018.12.26-08.59.46:983][  0]LogMoviePlayer: Initializing movie player
[2018.12.26-08.59.47:081][  0]LogAndroidPermission: UAndroidPermissionCallbackProxy::GetInstance
[2018.12.26-08.59.47:081][  0]LogOcInput: OculusInput pre-init called
[2018.12.26-08.59.47:086][  0]LogUObjectArray: 34971 objects as part of root set at end of initial load.
[2018.12.26-08.59.47:086][  0]LogUObjectArray: 2 objects are not in the root set, but can never be destroyed because they are in the DisregardForGC set.
[2018.12.26-08.59.47:086][  0]LogUObjectAllocator: 3848756 out of 0 bytes used by permanent object pool.
[2018.12.26-08.59.47:086][  0]LogUObjectArray: CloseDisregardForGC: 34971/34971 objects in disregard for GC pool
[2018.12.26-08.59.47:166][  0]LogEngine: Initializing Engine...
[2018.12.26-08.59.47:168][  0]LogHMD: Failed to initialize OpenVR with code 110
[2018.12.26-08.59.47:183][  0]LogStats: UGameplayTagsManager::ConstructGameplayTagTree: ImportINI prefixes -  0.000 s
[2018.12.26-08.59.47:184][  0]LogStats: UGameplayTagsManager::ConstructGameplayTagTree: Construct from data asset -  0.000 s
[2018.12.26-08.59.47:185][  0]LogStats: UGameplayTagsManager::ConstructGameplayTagTree: ImportINI -  0.001 s
[2018.12.26-08.59.47:185][  0]LogStats: UGameplayTagsManager::ConstructGameplayTagTree: GameplayTagTreeChangedEvent.Broadcast -  0.000 s
[2018.12.26-08.59.47:734][  0]LogInit: Initializing FReadOnlyCVARCache
[2018.12.26-08.59.48:319][  0]LogInit: XAudio2 using 'Динамики (Realtek High Definition Audio)' : 2 channels at 48 kHz using 32 bits per sample (channel mask 0x3)
[2018.12.26-08.59.49:189][  0]LogInit: FAudioDevice initialized.
[2018.12.26-08.59.49:208][  0]LogNetVersion: Set ProjectVersion to 1.0.0.0. Version Checksum will be recalculated on next use.
[2018.12.26-08.59.49:209][  0]LogInit: Texture streaming: Enabled
[2018.12.26-08.59.50:297][  0]LogSlate: Updating window title bar state: overlay mode, drag disabled, window buttons hidden, title bar hidden
[2018.12.26-08.59.50:306][  0]LogInit: Display: Game Engine Initialized.
[2018.12.26-08.59.50:308][  0]LogGameplayTags: Display: UGameplayTagsManager::DoneAddingNativeTags. DelegateIsBound: 0
[2018.12.26-08.59.50:310][  0]LogStats: UGameplayTagsManager::ConstructGameplayTagTree: ImportINI prefixes -  0.000 s
[2018.12.26-08.59.50:311][  0]LogStats: UGameplayTagsManager::ConstructGameplayTagTree: Construct from data asset -  0.000 s
[2018.12.26-08.59.50:311][  0]LogStats: UGameplayTagsManager::ConstructGameplayTagTree: ImportINI -  0.001 s
[2018.12.26-08.59.50:312][  0]LogStats: UGameplayTagsManager::ConstructGameplayTagTree: GameplayTagTreeChangedEvent.Broadcast -  0.000 s
[2018.12.26-08.59.50:390][  0]LogInit: Display: Starting Game.
[2018.12.26-08.59.50:399][  0]LogNet: Browse: /Game/Materials/Menu/MenuMap?Name=Player
[2018.12.26-08.59.50:430][  0]LogLoad: LoadMap: /Game/Materials/Menu/MenuMap?Name=Player
[2018.12.26-08.59.50:903][  0]LogAIModule: Creating AISystem for world MenuMap
[2018.12.26-08.59.50:910][  0]LogUObjectGlobals: Warning: Failed to find object 'Class None.'
[2018.12.26-08.59.50:911][  0]LogLoad: Game class is 'GameModeBase'
[2018.12.26-08.59.50:915][  0]LogWorld: Bringing World /Game/Materials/Menu/MenuMap.MenuMap up for play (max tick rate 0) at 2018.12.26-11.59.50
[2018.12.26-08.59.50:928][  0]LogWorld: Bringing up level for play took: 0.014684
[2018.12.26-08.59.50:966][  0]LogGameMode: FindPlayerStart: PATHS NOT DEFINED or NO PLAYERSTART with positive rating
[2018.12.26-08.59.51:037][  0]LogUMG: Display: Widget Class MenuMapVidget_BP_C - Loaded Fast Template.
[2018.12.26-08.59.51:118][  0]LogLoad: Took 0.688781 seconds to LoadMap(/Game/Materials/Menu/MenuMap)
[2018.12.26-08.59.51:345][  0]LogSlate: Took 0.051024 seconds to synchronously load lazily loaded font '../../../Engine/Content/EngineFonts/Faces/RobotoBold.ufont' (160K)
[2018.12.26-08.59.51:483][  0]LogLoad: (Engine Initialization) Total time: 10.01 seconds
[2018.12.26-08.59.51:522][  0]LogRenderer: Reallocating scene render targets to support 1920x1080 Format 10 NumSamples 1 (Frame:1).
[2018.12.26-08.59.52:252][  0]LogContentStreaming: Texture pool size now 1000 MB
[2018.12.26-08.59.59:440][432]LogSlate: FSceneViewport::OnFocusLost() reason 0
[2018.12.26-08.59.59:554][437]LogNet: Browse: /Game/Level1/Level1Map
[2018.12.26-08.59.59:554][437]LogLoad: LoadMap: /Game/Level1/Level1Map
[2018.12.26-08.59.59:573][437]LogStreaming: Display: Flushing async loaders.
[2018.12.26-08.59.59:770][437]LogAIModule: Creating AISystem for world Level1Map
[2018.12.26-08.59.59:771][437]LogUObjectGlobals: Warning: Failed to find object 'Class None.'
[2018.12.26-08.59.59:771][437]LogLoad: Game class is 'GameModeBase'
[2018.12.26-08.59.59:826][437]LogWorld: Bringing World /Game/Level1/Level1Map.Level1Map up for play (max tick rate 0) at 2018.12.26-11.59.59
[2018.12.26-08.59.59:827][437]LogWorld: Bringing up level for play took: 0.054401
[2018.12.26-08.59.59:827][437]LogGameMode: FindPlayerStart: PATHS NOT DEFINED or NO PLAYERSTART with positive rating
[2018.12.26-08.59.59:873][437]LogLoad: Took 0.319192 seconds to LoadMap(/Game/Level1/Level1Map)
[2018.12.26-09.00.17:806][132]LogSlate: Request Window 'Ground1 (32-bit Development PCD3D_SM5) ' being destroyed
[2018.12.26-09.00.17:841][132]LogSlate: Window 'Ground1 (32-bit Development PCD3D_SM5) ' being destroyed
[2018.12.26-09.00.17:882][132]LogWindowsTextInputMethodSystem: Display: IME system now deactivated.
[2018.12.26-09.00.17:965][132]LogSlate: Updating window title bar state: overlay mode, drag disabled, window buttons hidden, title bar hidden
[2018.12.26-09.00.17:965][132]LogEngine: All Windows Closed
[2018.12.26-09.00.17:971][132]LogWindows: FPlatformMisc::RequestExit(0)
[2018.12.26-09.00.18:197][133]LogSlate: Slate User Destroyed.  User Index 0, Is Virtual User: 0
[2018.12.26-09.00.18:198][133]LogExit: Preparing to exit.
[2018.12.26-09.00.18:198][133]LogMoviePlayer: Shutting down movie player
[2018.12.26-09.00.18:266][133]LogSlate: Updating window title bar state: overlay mode, drag disabled, window buttons hidden, title bar hidden
[2018.12.26-09.00.18:287][133]LogExit: Game engine shut down
[2018.12.26-09.00.18:543][133]LogExit: Object subsystem successfully closed.
[2018.12.26-09.00.18:569][133]LogD3D11RHI: Shutdown
[2018.12.26-09.00.18:569][133]LogD3D11RHI: CleanupD3DDevice
[2018.12.26-09.00.18:574][133]LogD3D11RHI: ~FD3D11DynamicRHI
[2018.12.26-09.00.18:577][133]LogModuleManager: Shutting down and abandoning module AutomationController (186)
[2018.12.26-09.00.18:578][133]LogModuleManager: Shutting down and abandoning module AutomationWorker (184)
[2018.12.26-09.00.18:578][133]LogModuleManager: Shutting down and abandoning module Voice (182)
[2018.12.26-09.00.18:579][133]LogModuleManager: Shutting down and abandoning module AIModule (180)
[2018.12.26-09.00.18:579][133]LogModuleManager: Shutting down and abandoning module GameplayDebugger (179)
[2018.12.26-09.00.18:579][133]LogModuleManager: Shutting down and abandoning module NavigationSystem (177)
[2018.12.26-09.00.18:579][133]LogModuleManager: Shutting down and abandoning module WmfMediaFactory (174)
[2018.12.26-09.00.18:579][133]LogModuleManager: Shutting down and abandoning module OpenExrWrapper (172)
[2018.12.26-09.00.18:580][133]LogModuleManager: Shutting down and abandoning module ImgMediaFactory (170)
[2018.12.26-09.00.18:580][133]LogModuleManager: Shutting down and abandoning module AvfMediaFactory (168)
[2018.12.26-09.00.18:580][133]LogModuleManager: Shutting down and abandoning module CharacterAI (166)
[2018.12.26-09.00.18:580][133]LogModuleManager: Shutting down and abandoning module SessionServices (164)
[2018.12.26-09.00.18:580][133]LogModuleManager: Shutting down and abandoning module MovieSceneTracks (162)
[2018.12.26-09.00.18:580][133]LogModuleManager: Shutting down and abandoning module MovieScene (160)
[2018.12.26-09.00.18:586][133]LogModuleManager: Shutting down and abandoning module StreamingPauseRendering (158)
[2018.12.26-09.00.18:586][133]LogModuleManager: Shutting down and abandoning module ImageWriteQueue (156)
[2018.12.26-09.00.18:589][133]LogModuleManager: Shutting down and abandoning module ProfilerService (154)
[2018.12.26-09.00.18:695][133]LogModuleManager: Shutting down and abandoning module TaskGraph (152)
[2018.12.26-09.00.18:710][133]LogModuleManager: Shutting down and abandoning module SteamVRController (150)
[2018.12.26-09.00.18:711][133]LogModuleManager: Shutting down and abandoning module ProceduralMeshComponent (148)
[2018.12.26-09.00.18:711][133]LogModuleManager: Shutting down and abandoning module OculusInput (146)
[2018.12.26-09.00.18:711][133]LogModuleManager: Shutting down and abandoning module MobilePatchingUtils (144)
[2018.12.26-09.00.18:711][133]LogModuleManager: Shutting down and abandoning module CustomMeshComponent (142)
[2018.12.26-09.00.18:711][133]LogModuleManager: Shutting down and abandoning module CableComponent (140)
[2018.12.26-09.00.18:711][133]LogModuleManager: Shutting down and abandoning module ArchVisCharacter (138)
[2018.12.26-09.00.18:712][133]LogModuleManager: Shutting down and abandoning module AndroidPermission (136)
[2018.12.26-09.00.18:712][133]LogModuleManager: Shutting down and abandoning module MediaCompositing (134)
[2018.12.26-09.00.18:712][133]LogModuleManager: Shutting down and abandoning module LinearTimecode (132)
[2018.12.26-09.00.18:712][133]LogModuleManager: Shutting down and abandoning module ImgMedia (130)
[2018.12.26-09.00.18:716][133]LogModuleManager: Shutting down and abandoning module HTML5Networking (128)
[2018.12.26-09.00.18:717][133]LogModuleManager: Shutting down and abandoning module BackChannel (126)
[2018.12.26-09.00.18:717][133]LogModuleManager: Shutting down and abandoning module AppleVision (124)
[2018.12.26-09.00.18:717][133]LogModuleManager: Shutting down and abandoning module AppleImageUtils (122)
[2018.12.26-09.00.18:717][133]LogModuleManager: Shutting down and abandoning module GeometryCacheTracks (120)
[2018.12.26-09.00.18:717][133]LogModuleManager: Shutting down and abandoning module GeometryCache (118)
[2018.12.26-09.00.18:717][133]LogModuleManager: Shutting down and abandoning module VariantManagerContent (116)
[2018.12.26-09.00.18:717][133]LogModuleManager: Shutting down and abandoning module EditableMesh (114)
[2018.12.26-09.00.18:717][133]LogModuleManager: Shutting down and abandoning module RuntimePhysXCooking (112)
[2018.12.26-09.00.18:718][133]LogModuleManager: Shutting down and abandoning module PhysXVehicles (110)
[2018.12.26-09.00.18:718][133]LogModuleManager: Shutting down and abandoning module LocationServicesBPLibrary (108)
[2018.12.26-09.00.18:718][133]LogModuleManager: Shutting down and abandoning module ActorSequence (106)
[2018.12.26-09.00.18:718][133]LogModuleManager: Shutting down and abandoning module UdpMessaging (104)
[2018.12.26-09.00.18:719][133]LogModuleManager: Shutting down and abandoning module TcpMessaging (102)
[2018.12.26-09.00.18:719][133]LogModuleManager: Shutting down and abandoning module FacialAnimation (100)
[2018.12.26-09.00.18:720][133]LogModuleManager: Shutting down and abandoning module LightPropagationVolumeRuntime (98)
[2018.12.26-09.00.18:720][133]LogModuleManager: Shutting down and abandoning module AISupportModule (96)
[2018.12.26-09.00.18:720][133]LogModuleManager: Shutting down and abandoning module Paper2D (94)
[2018.12.26-09.00.18:720][133]LogModuleManager: Shutting down and abandoning module WindowsMoviePlayer (92)
[2018.12.26-09.00.18:720][133]LogModuleManager: Shutting down and abandoning module WmfMedia (90)
[2018.12.26-09.00.18:762][133]LogModuleManager: Shutting down and abandoning module Media (89)
[2018.12.26-09.00.18:767][133]LogModuleManager: Shutting down and abandoning module PacketHandler (86)
[2018.12.26-09.00.18:768][133]LogModuleManager: Shutting down and abandoning module ClothingSystemRuntime (84)
[2018.12.26-09.00.18:768][133]LogModuleManager: Shutting down and abandoning module MediaAssets (82)
[2018.12.26-09.00.18:768][133]LogModuleManager: Shutting down and abandoning module Overlay (80)
[2018.12.26-09.00.18:768][133]LogModuleManager: Shutting down and abandoning module UMG (78)
[2018.12.26-09.00.18:768][133]LogModuleManager: Shutting down and abandoning module SlateReflector (76)
[2018.12.26-09.00.18:796][133]LogModuleManager: Shutting down and abandoning module Slate (74)
[2018.12.26-09.00.18:796][133]LogModuleManager: Shutting down and abandoning module MRMesh (72)
[2018.12.26-09.00.18:797][133]LogModuleManager: Shutting down and abandoning module Messaging (70)
[2018.12.26-09.00.18:797][133]LogModuleManager: Shutting down and abandoning module HeadMountedDisplay (68)
[2018.12.26-09.00.18:797][133]LogModuleManager: Shutting down and abandoning module XAudio2 (66)
[2018.12.26-09.00.18:797][133]LogModuleManager: Shutting down and abandoning module Networking (64)
[2018.12.26-09.00.18:797][133]LogModuleManager: Shutting down and abandoning module Core (62)
[2018.12.26-09.00.18:797][133]LogModuleManager: Shutting down and abandoning module LevelSequence (60)
[2018.12.26-09.00.18:797][133]LogModuleManager: Shutting down and abandoning module ImageWrapper (56)
[2018.12.26-09.00.18:798][133]LogModuleManager: Shutting down and abandoning module InputCore (54)
[2018.12.26-09.00.18:798][133]LogModuleManager: Shutting down and abandoning module PhysXCooking (52)
[2018.12.26-09.00.18:798][133]LogModuleManager: Shutting down and abandoning module SteamVR (50)
[2018.12.26-09.00.18:798][133]LogHMD: Freeing OpenVRDLLHandle.
[2018.12.26-09.00.18:799][133]LogModuleManager: Shutting down and abandoning module OculusHMD (48)
[2018.12.26-09.00.18:799][133]LogModuleManager: Shutting down and abandoning module ExampleDeviceProfileSelector (46)
[2018.12.26-09.00.18:799][133]LogModuleManager: Shutting down and abandoning module LauncherChunkInstaller (44)
[2018.12.26-09.00.18:799][133]LogModuleManager: Shutting down and abandoning module OnlineSubsystem (40)
[2018.12.26-09.00.18:800][133]LogModuleManager: Shutting down and abandoning module HTTP (35)
[2018.12.26-09.00.18:819][133]LogModuleManager: Shutting down and abandoning module SSL (34)
[2018.12.26-09.00.18:820][133]LogModuleManager: Shutting down and abandoning module DatasmithContent (30)
[2018.12.26-09.00.18:820][133]LogModuleManager: Shutting down and abandoning module ShaderCore (28)
[2018.12.26-09.00.18:820][133]LogModuleManager: Shutting down and abandoning module Landscape (26)
[2018.12.26-09.00.18:820][133]LogModuleManager: Shutting down and abandoning module SlateRHIRenderer (24)
[2018.12.26-09.00.18:834][133]LogModuleManager: Shutting down and abandoning module OpenGLDrv (22)
[2018.12.26-09.00.18:834][133]LogModuleManager: Shutting down and abandoning module D3D11RHI (20)
[2018.12.26-09.00.18:834][133]LogModuleManager: Shutting down and abandoning module AnimGraphRuntime (18)
[2018.12.26-09.00.18:834][133]LogModuleManager: Shutting down and abandoning module Renderer (16)
[2018.12.26-09.00.18:834][133]LogModuleManager: Shutting down and abandoning module Engine (14)
[2018.12.26-09.00.18:834][133]LogModuleManager: Shutting down and abandoning module CoreUObject (12)
[2018.12.26-09.00.18:834][133]LogModuleManager: Shutting down and abandoning module NetworkFile (10)
[2018.12.26-09.00.18:834][133]LogModuleManager: Shutting down and abandoning module CookedIterativeFile (8)
[2018.12.26-09.00.18:834][133]LogModuleManager: Shutting down and abandoning module StreamingFile (6)
[2018.12.26-09.00.18:834][133]LogModuleManager: Shutting down and abandoning module SandboxFile (4)
[2018.12.26-09.00.18:834][133]LogModuleManager: Shutting down and abandoning module PakFile (2)
[2018.12.26-09.00.18:866][133]LogExit: Exiting.
[2018.12.26-09.00.18:872][133]Log file closed, 12/26/18 12:00:18
